<?xml version="1.0" encoding="UTF-8"?>
<testsuite xmlns:xsi="http://www.w3.org/2001/XMLSchema-instance" xsi:noNamespaceSchemaLocation="https://maven.apache.org/surefire/maven-surefire-plugin/xsd/surefire-test-report.xsd" version="3.0.2" name="com.star.bank_products.BankProductsApplicationTests" time="4.889" tests="1" errors="0" skipped="0" failures="0" flakes="0">
  <properties>
[...]
</properties>
  <testcase name="contextLoads" classname="com.star.bank_products.BankProductsApplicationTests" time="0.346">
    <system-out><![CDATA[11:13:26.886 [main] INFO org.springframework.test.context.support.AnnotationConfigContextLoaderUtils -- Could not detect default configuration classes for test class [com.star.bank_products.BankProductsApplicationTests]: BankProductsApplicationTests does not declare any static, non-private, non-final, nested classes annotated with @Configuration.
11:13:26.955 [main] INFO org.springframework.boot.test.context.SpringBootTestContextBootstrapper -- Found @SpringBootConfiguration com.star.bank_products.BankProductsApplication for test class com.star.bank_products.BankProductsApplicationTests
11:13:27.024 [main] INFO org.springframework.test.context.support.AnnotationConfigContextLoaderUtils -- Could not detect default configuration classes for test class [com.star.bank_products.BankProductsApplicationTests]: BankProductsApplicationTests does not declare any static, non-private, non-final, nested classes annotated with @Configuration.
11:13:27.025 [main] INFO org.springframework.boot.test.context.SpringBootTestContextBootstrapper -- Found @SpringBootConfiguration com.star.bank_products.BankProductsApplication for test class com.star.bank_products.BankProductsApplicationTests

  .   ____          _            __ _ _
 /\\ / ___'_ __ _ _(_)_ __  __ _ \ \ \ \
( ( )\___ | '_ | '_| | '_ \/ _` | \ \ \ \
 \\/  ___)| |_)| | | | | || (_| |  ) ) ) )
  '  |____| .__|_| |_|_| |_\__, | / / / /
 =========|_|==============|___/=/_/_/_/

 :: Spring Boot ::                (v4.0.6)

2026-06-22T11:13:27.307+05:00  INFO 3488 --- [           main] c.s.b.BankProductsApplicationTests       : Starting BankProductsApplicationTests using Java 17.0.14 with PID 3488 (started by Кирилл in C:\Users\Кирилл\IdeaProjects\bank-products)
2026-06-22T11:13:27.309+05:00  INFO 3488 --- [           main] c.s.b.BankProductsApplicationTests       : No active profile set, falling back to 1 default profile: "default"
2026-06-22T11:13:27.826+05:00  INFO 3488 --- [           main] .s.d.r.c.RepositoryConfigurationDelegate : Bootstrapping Spring Data JPA repositories in DEFAULT mode.
2026-06-22T11:13:27.887+05:00  INFO 3488 --- [           main] .s.d.r.c.RepositoryConfigurationDelegate : Finished Spring Data repository scanning in 46 ms. Found 1 JPA repository interface.
2026-06-22T11:13:28.471+05:00  INFO 3488 --- [           main] org.hibernate.orm.jpa                    : HHH008540: Processing PersistenceUnitInfo [name: default]
2026-06-22T11:13:28.582+05:00  INFO 3488 --- [           main] org.hibernate.orm.core                   : HHH000001: Hibernate ORM core version 7.2.12.Final
2026-06-22T11:13:29.199+05:00  INFO 3488 --- [           main] o.s.o.j.p.SpringPersistenceUnitInfo      : No LoadTimeWeaver setup: ignoring JPA class transformer
2026-06-22T11:13:29.238+05:00  INFO 3488 --- [           main] com.zaxxer.hikari.HikariDataSource       : HikariPool-1 - Starting...
2026-06-22T11:13:29.376+05:00  INFO 3488 --- [           main] com.zaxxer.hikari.pool.HikariPool        : HikariPool-1 - Added connection conn0: url=jdbc:h2:mem:rules user=SA
2026-06-22T11:13:29.377+05:00  INFO 3488 --- [           main] com.zaxxer.hikari.HikariDataSource       : HikariPool-1 - Start completed.
2026-06-22T11:13:29.396+05:00  WARN 3488 --- [           main] org.hibernate.orm.core                   : HHH000511: The 2.4.240 version for [org.hibernate.dialect.PostgreSQLDialect] is no longer supported, hence certain features may not work properly.The minimum supported version is 13.0.0. Check the community dialects project for available legacy versions.
2026-06-22T11:13:29.398+05:00  WARN 3488 --- [           main] org.hibernate.orm.deprecation            : HHH90000025: PostgreSQLDialect does not need to be specified explicitly using 'hibernate.dialect' (remove the property setting and it will be selected by default)
2026-06-22T11:13:29.422+05:00  INFO 3488 --- [           main] org.hibernate.orm.connections.pooling    : HHH10001005: Database info:
	Database JDBC URL [jdbc:h2:mem:rules]
	Database driver: H2 JDBC Driver
	Database dialect: PostgreSQLDialect
	Database version: 2.4.240
	Default catalog/schema: RULES/PUBLIC
	Autocommit mode: undefined/unknown
	Isolation level: READ_COMMITTED [default READ_COMMITTED]
	JDBC fetch size: 100
	Pool: DataSourceConnectionProvider
	Minimum pool size: undefined/unknown
	Maximum pool size: undefined/unknown
2026-06-22T11:13:30.183+05:00  INFO 3488 --- [           main] org.hibernate.orm.core                   : HHH000489: No JTA platform available (set 'hibernate.transaction.jta.platform' to enable JTA platform integration)
2026-06-22T11:13:30.190+05:00  INFO 3488 --- [           main] j.LocalContainerEntityManagerFactoryBean : Initialized JPA EntityManagerFactory for persistence unit 'default'
2026-06-22T11:13:30.368+05:00  INFO 3488 --- [           main] o.s.d.j.r.query.QueryEnhancerFactories   : Hibernate is in classpath; If applicable, HQL parser will be used.
2026-06-22T11:13:30.725+05:00  WARN 3488 --- [           main] JpaBaseConfiguration$JpaWebConfiguration : spring.jpa.open-in-view is enabled by default. Therefore, database queries may be performed during view rendering. Explicitly configure spring.jpa.open-in-view to disable this warning
2026-06-22T11:13:31.232+05:00  INFO 3488 --- [           main] c.s.b.BankProductsApplicationTests       : Started BankProductsApplicationTests in 4.144 seconds (process running for 5.054)
]]></system-out>
  </testcase>
</testsuite>